<?xml version="1.0" encoding="UTF-8"?>
<!-- Generated by org.testng.reporters.JUnitReportReporter -->
<testsuite hostname="LAPTOP-PNS4KIT7" failures="0" tests="1" name="com.sevenrmartsupermarket.tests.ManageDeliveryBoyExcelTest" time="4.687" errors="0" timestamp="2024-01-02T20:51:54 IST" skipped="0">
  <testcase classname="com.sevenrmartsupermarket.tests.ManageDeliveryBoyExcelTest" name="verify_ClickNameDelete" time="4.687"/>
  <system-out/>
</testsuite> <!-- com.sevenrmartsupermarket.tests.ManageDeliveryBoyExcelTest -->
