<?xml version="1.0" encoding="UTF-8"?>
<!-- Generated by org.testng.reporters.JUnitReportReporter -->
<testsuite hostname="LAPTOP-PNS4KIT7" failures="0" tests="1" name="com.sevenrmartsupermarket.tests.PushNotificationsTest" time="3.047" errors="0" timestamp="2024-01-04T15:56:55 IST" skipped="0">
  <testcase classname="com.sevenrmartsupermarket.tests.PushNotificationsTest" name="verify_ExcelData" time="3.047"/>
  <system-out/>
</testsuite> <!-- com.sevenrmartsupermarket.tests.PushNotificationsTest -->
