<?xml version="1.0" encoding="UTF-8"?>
<!-- Generated by org.testng.reporters.JUnitReportReporter -->
<testsuite hostname="LAPTOP-PNS4KIT7" failures="0" tests="1" name="com.sevenrmartsupermarket.tests.PushNotificationsTest" time="3.020" errors="0" timestamp="2023-12-27T08:36:40 IST" skipped="0">
  <testcase classname="com.sevenrmartsupermarket.tests.PushNotificationsTest" name="verify_ExcelData" time="3.020"/>
  <system-out/>
</testsuite> <!-- com.sevenrmartsupermarket.tests.PushNotificationsTest -->
