<?xml version="1.0" encoding="UTF-8"?>
<!-- Generated by org.testng.reporters.JUnitReportReporter -->
<testsuite hostname="LAPTOP-PNS4KIT7" failures="0" tests="1" name="com.sevenrmartsupermarket.tests.ManageDeliveryBoyExcelTest" time="4.539" errors="0" timestamp="2023-12-30T21:29:23 IST" skipped="0">
  <testcase classname="com.sevenrmartsupermarket.tests.ManageDeliveryBoyExcelTest" name="verify_ClickNameDelete" time="4.539"/>
  <system-out/>
</testsuite> <!-- com.sevenrmartsupermarket.tests.ManageDeliveryBoyExcelTest -->
