<?xml version="1.0" encoding="UTF-8"?>
<!-- Generated by org.testng.reporters.JUnitReportReporter -->
<testsuite hostname="LAPTOP-PNS4KIT7" failures="0" tests="1" name="com.sevenrmartsupermarket.tests.DataProviderAddOfferTest" time="7.125" errors="0" timestamp="2023-12-31T11:22:08 IST" skipped="0">
  <testcase classname="com.sevenrmartsupermarket.tests.DataProviderAddOfferTest" name="verify_createNewManageOfferCode" time="7.125"/>
  <system-out/>
</testsuite> <!-- com.sevenrmartsupermarket.tests.DataProviderAddOfferTest -->
