<?xml version="1.0" encoding="UTF-8"?>
<!-- Generated by org.testng.reporters.JUnitReportReporter -->
<testsuite hostname="LAPTOP-PNS4KIT7" failures="0" tests="1" name="com.sevenrmartsupermarket.tests.ManageOrdersTest" time="10.394" errors="0" timestamp="2024-01-02T11:24:49 IST" skipped="0">
  <testcase classname="com.sevenrmartsupermarket.tests.ManageOrdersTest" name="verify_clickChangeStatus" time="10.394"/>
  <system-out/>
</testsuite> <!-- com.sevenrmartsupermarket.tests.ManageOrdersTest -->
