<?xml version="1.0" encoding="UTF-8"?>
<!-- Generated by org.testng.reporters.JUnitReportReporter -->
<testsuite hostname="LAPTOP-PNS4KIT7" failures="0" tests="1" name="com.sevenrmartsupermarket.tests.AddOfferTest" time="7.057" errors="0" timestamp="2023-12-30T18:41:30 IST" skipped="0">
  <testcase classname="com.sevenrmartsupermarket.tests.AddOfferTest" name="verify_createNewManageOfferCode" time="7.057"/>
  <system-out/>
</testsuite> <!-- com.sevenrmartsupermarket.tests.AddOfferTest -->
