<?xml version="1.0" encoding="UTF-8"?>
<!-- Generated by org.testng.reporters.JUnitReportReporter -->
<testsuite hostname="LAPTOP-PNS4KIT7" failures="0" tests="3" name="com.sevenrmartsupermarket.tests.LoginTest" time="152.803" errors="0" timestamp="2024-01-05T14:54:41 IST" skipped="0">
  <testcase classname="com.sevenrmartsupermarket.tests.LoginTest" name="loginCredentialsExcelProvider" time="39.116"/>
  <system-out/>
  <testcase classname="com.sevenrmartsupermarket.tests.LoginTest" name="loginCredentialsExcelProvider" time="68.386"/>
  <system-out/>
  <testcase classname="com.sevenrmartsupermarket.tests.LoginTest" name="loginCredentialsExcelProvider" time="45.301"/>
  <system-out/>
</testsuite> <!-- com.sevenrmartsupermarket.tests.LoginTest -->
