<?xml version="1.0" encoding="UTF-8"?>
<!-- Generated by org.testng.reporters.JUnitReportReporter -->
<testsuite hostname="LAPTOP-PNS4KIT7" failures="0" tests="1" name="com.sevenrmartsupermarket.tests.DataProviderAddOfferTest" time="6.574" errors="0" timestamp="2024-01-02T20:58:23 IST" skipped="0">
  <testcase classname="com.sevenrmartsupermarket.tests.DataProviderAddOfferTest" name="verify_createNewManageOfferCode" time="6.574"/>
  <system-out/>
</testsuite> <!-- com.sevenrmartsupermarket.tests.DataProviderAddOfferTest -->
