<?xml version="1.0" encoding="UTF-8"?>
<!-- Generated by org.testng.reporters.JUnitReportReporter -->
<testsuite hostname="LAPTOP-PNS4KIT7" failures="0" tests="1" name="com.sevenrmartsupermarket.tests.LoginTest" time="4.961" errors="0" timestamp="2023-12-30T09:24:33 IST" skipped="0">
  <testcase classname="com.sevenrmartsupermarket.tests.LoginTest" name="verify_Login" time="4.961"/>
  <system-out/>
</testsuite> <!-- com.sevenrmartsupermarket.tests.LoginTest -->
