<?xml version="1.0" encoding="UTF-8"?>
<!-- Generated by org.testng.reporters.JUnitReportReporter -->
<testsuite hostname="LAPTOP-PNS4KIT7" failures="0" tests="1" name="com.sevenrmartsupermarket.tests.LoginTest" time="24.533" errors="0" timestamp="2024-01-03T07:19:13 IST" skipped="0">
  <testcase classname="com.sevenrmartsupermarket.tests.LoginTest" name="verify_InvalidLogin" time="24.533"/>
  <system-out/>
</testsuite> <!-- com.sevenrmartsupermarket.tests.LoginTest -->
