<?xml version="1.0" encoding="UTF-8"?>
<!-- Generated by org.testng.reporters.JUnitReportReporter -->
<testsuite hostname="LAPTOP-PNS4KIT7" failures="0" tests="3" name="com.sevenrmartsupermarket.tests.ManageDeliveryBoyTest" time="15.423" errors="0" timestamp="2024-01-04T20:04:34 IST" skipped="0">
  <testcase classname="com.sevenrmartsupermarket.tests.ManageDeliveryBoyTest" name="verify_LoginCredentials" time="5.281"/>
  <system-out/>
  <testcase classname="com.sevenrmartsupermarket.tests.ManageDeliveryBoyTest" name="verify_LoginCredentials" time="4.268"/>
  <system-out/>
  <testcase classname="com.sevenrmartsupermarket.tests.ManageDeliveryBoyTest" name="verify_LoginCredentials" time="5.874"/>
  <system-out/>
</testsuite> <!-- com.sevenrmartsupermarket.tests.ManageDeliveryBoyTest -->
